<?xml version="1.0" encoding="UTF-8"?>
<!-- Generated by org.testng.reporters.JUnitReportReporter -->
<testsuite skipped="0" hostname="Lenovo" name="testCases.WeatherTC" tests="1" failures="0" timestamp="30 Jun 2021 14:36:17 GMT" time="6.398" errors="0">
  <testcase name="getWeatherDeatils" time="6.398" classname="testCases.WeatherTC"/>
</testsuite> <!-- testCases.WeatherTC -->
