<?xml version="1.0" encoding="UTF-8"?>
<!-- Generated by org.testng.reporters.JUnitReportReporter -->
<testsuite skipped="0" hostname="Lenovo" name="testCases.WeatherTC" tests="1" failures="0" timestamp="30 Jun 2021 15:05:27 GMT" time="21.144" errors="0">
  <testcase name="getWeatherDeatils" time="21.144" classname="testCases.WeatherTC"/>
</testsuite> <!-- testCases.WeatherTC -->
