<?xml version="1.0" encoding="UTF-8"?>
<!-- Generated by org.testng.reporters.JUnitReportReporter -->
<testsuite skipped="0" hostname="Lenovo" name="testCases.WeatherTC" tests="1" failures="0" timestamp="30 Jun 2021 07:26:07 GMT" time="0.685" errors="0">
  <testcase name="getWeatherDeatils" time="0.685" classname="testCases.WeatherTC"/>
</testsuite> <!-- testCases.WeatherTC -->
